Arguments: 
  /usr/local/bin/node /usr/local/bin/yarn add

PATH: 
  /Users/jhosehprendon/.rbenv/bin:/Users/jhosehprendon/.rbenv/shims:/Users/jhosehprendon/.rbenv/bin:/usr/local/bin:/usr/bin:/bin:/usr/sbin:/sbin

Yarn version: 
  1.5.1

Node version: 
  9.4.0

Platform: 
  darwin x64

npm manifest: 
  {
    "name": "expensify",
    "version": "1.0.0",
    "engines": {
      "node": "9.4.0"
    },
    "main": "index.js",
    "license": "MIT",
    "scripts": {
      "build:dev": "webpack",
      "build:prod": "webpack -p --env production",
      "dev-server": "webpack-dev-server",
      "test": "cross-env NODE_ENV=test jest --config=jest.config.json",
      "start": "node server/server.js",
      "heroku-postbuild": "yarn run build:prod"
    },
    "dependencies": {
      "babel": "^6.23.0",
      "babel-cli": "6.24.1",
      "babel-loader": "7.1.1",
      "babel-plugin-transform-class-properties": "6.24.1",
      "babel-plugin-transform-object-rest-spread": "6.23.0",
      "babel-polyfill": "6.26.0",
      "babel-preset-env": "1.5.2",
      "babel-preset-react": "6.24.1",
      "css-loader": "0.28.4",
      "express": "4.15.4",
      "extract-text-webpack-plugin": "3.0.0",
      "firebase": "4.2.0",
      "history": "4.7.2",
      "moment": "2.19.3",
      "node": "9.4.0",
      "node-sass": "4.7.2",
      "normalize.css": "7.0.0",
      "numeral": "2.0.6",
      "raf": "3.3.2",
      "react": "^16.3.2",
      "react-addons-shallow-compare": "15.6.0",
      "react-dates": "12.7.0",
      "react-dom": "^16.3.2",
      "react-modal": "^3.0.0-rc2",
      "react-redux": "5.0.5",
      "react-router-dom": "4.2.2",
      "react-social-login-buttons": "^1.3.6",
      "redux": "3.7.2",
      "redux-mock-store": "1.2.3",
      "redux-thunk": "2.2.0",
      "sass-loader": "6.0.6",
      "style-loader": "0.18.2",
      "uuid": "3.1.0",
      "validator": "8.0.0",
      "webpack": "3.1.0"
    },
    "devDependencies": {
      "cross-env": "5.0.5",
      "dotenv": "4.0.0",
      "enzyme": "3.0.0",
      "enzyme-adapter-react-16": "1.0.0",
      "enzyme-to-json": "3.0.1",
      "jest": "20.0.4",
      "react-test-renderer": "16.0.0",
      "webpack-dev-server": "2.5.1"
    }
  }

yarn manifest: 
  No manifest

Lockfile: 
  No lockfile

Trace: 
  Error: Missing list of packages to add to your project.
      at new MessageError (/usr/local/lib/node_modules/yarn/lib/cli.js:186:110)
      at Object.<anonymous> (/usr/local/lib/node_modules/yarn/lib/cli.js:40587:13)
      at Generator.next (<anonymous>)
      at step (/usr/local/lib/node_modules/yarn/lib/cli.js:98:30)
      at /usr/local/lib/node_modules/yarn/lib/cli.js:116:14
      at new Promise (<anonymous>)
      at new F (/usr/local/lib/node_modules/yarn/lib/cli.js:23451:28)
      at Object.<anonymous> (/usr/local/lib/node_modules/yarn/lib/cli.js:95:12)
      at Object.run (/usr/local/lib/node_modules/yarn/lib/cli.js:40599:19)
      at run (/usr/local/lib/node_modules/yarn/lib/cli.js:89113:20)
